<?xml version="1.0" encoding="UTF-8"?>
<!-- Generated by org.testng.reporters.JUnitXMLReporter -->
<testsuite ignored="0" hostname="DESKTOP-5U6BGGB" failures="0" tests="1" name="Test-Runner-2" time="57.072" errors="0" timestamp="2023-10-16T18:14:59 IST">
  <testcase classname="Organization.CreateOrganizationTest" name="createOrgTest" time="56.981"/>
</testsuite> <!-- Test-Runner-2 -->
