<?xml version="1.0" encoding="UTF-8"?>
<!-- Generated by org.testng.reporters.JUnitXMLReporter -->
<testsuite ignored="0" hostname="DESKTOP-5U6BGGB" failures="0" tests="1" name="Test-Runner-Edge" time="47.9" errors="0" timestamp="2023-10-16T18:26:53 IST">
  <testcase classname="Contacts.CreateContactTest" name="createContactTest" time="47.79"/>
</testsuite> <!-- Test-Runner-Edge -->
