<?xml version="1.0" encoding="UTF-8"?>
<!-- Generated by org.testng.reporters.JUnitReportReporter -->
<testsuite hostname="DESKTOP-5U6BGGB" failures="0" tests="1" name="Sample.CreateOrganisationTest" time="25.384" errors="0" timestamp="2023-11-01T15:40:31 IST" skipped="0">
  <testcase classname="Sample.CreateOrganisationTest" name="CreateOrganisation" time="25.384"/>
</testsuite> <!-- Sample.CreateOrganisationTest -->
