<?xml version="1.0" encoding="UTF-8"?>
<!-- Generated by org.testng.reporters.JUnitReportReporter -->
<testsuite hostname="DESKTOP-5U6BGGB" failures="0" tests="1" name="runnerClass.RunnerIO" time="0.209" errors="1" timestamp="2023-10-30T14:44:12 IST" skipped="0">
  <testcase classname="runnerClass.RunnerIO" name="runScenario" time="0.209">
    <error message="Can&#039;t find bundle for base name CommanData, locale en_US" type="java.util.MissingResourceException">
      <![CDATA[java.util.MissingResourceException: Can't find bundle for base name CommanData, locale en_US
at java.base/java.util.ResourceBundle.throwMissingResourceException(ResourceBundle.java:2045)
at java.base/java.util.ResourceBundle.getBundleImpl(ResourceBundle.java:1683)
at java.base/java.util.ResourceBundle.getBundleImpl(ResourceBundle.java:1586)
at java.base/java.util.ResourceBundle.getBundleImpl(ResourceBundle.java:1549)
at java.base/java.util.ResourceBundle.getBundle(ResourceBundle.java:858)
at stepDefinition.LoginPage.setup(LoginPage.java:27)
]]>
    </error>
  </testcase> <!-- runScenario -->
</testsuite> <!-- runnerClass.RunnerIO -->
