<?xml version="1.0" encoding="UTF-8"?>
<!-- Generated by org.testng.reporters.JUnitReportReporter -->
<testsuite hostname="DESKTOP-5U6BGGB" failures="0" tests="1" name="Practice.Senario1WithDDT2WithBaseClass" time="72.761" errors="0" timestamp="2023-10-18T08:17:40 IST" skipped="0">
  <testcase classname="Practice.Senario1WithDDT2WithBaseClass" name="create" time="72.761"/>
</testsuite> <!-- Practice.Senario1WithDDT2WithBaseClass -->
