<?xml version="1.0" encoding="UTF-8"?>
<!-- Generated by org.testng.reporters.JUnitReportReporter -->
<testsuite hostname="DESKTOP-5U6BGGB" failures="0" tests="1" name="Organization.CreateOrganizationTest" time="88.773" errors="0" timestamp="2023-10-18T13:02:30 IST" skipped="0">
  <testcase classname="Organization.CreateOrganizationTest" name="createOrgTest" time="88.773"/>
</testsuite> <!-- Organization.CreateOrganizationTest -->
