<?xml version="1.0" encoding="UTF-8"?>
<!-- Generated by org.testng.reporters.JUnitReportReporter -->
<testsuite hostname="DESKTOP-5U6BGGB" failures="0" tests="3" name="Practice.DataProviderPractice" time="0.025" errors="0" timestamp="2023-10-15T20:45:29 IST" skipped="0">
  <testcase classname="Practice.DataProviderPractice" name="addProductToCart" time="0.017"/>
  <testcase classname="Practice.DataProviderPractice" name="addProductToCart" time="0.005"/>
  <testcase classname="Practice.DataProviderPractice" name="addProductToCart" time="0.003"/>
</testsuite> <!-- Practice.DataProviderPractice -->
