<?xml version="1.0" encoding="UTF-8"?>
<!-- Generated by org.testng.reporters.JUnitReportReporter -->
<testsuite hostname="DESKTOP-5U6BGGB" failures="0" tests="3" name="Practice.DataP" time="0.024" errors="0" timestamp="2023-10-18T08:00:59 IST" skipped="0">
  <testcase classname="Practice.DataP" name="addToCart" time="0.015"/>
  <testcase classname="Practice.DataP" name="addToCart" time="0.006"/>
  <testcase classname="Practice.DataP" name="addToCart" time="0.003"/>
</testsuite> <!-- Practice.DataP -->
