<?xml version="1.0" encoding="UTF-8"?>
<!-- Generated by org.testng.reporters.JUnitReportReporter -->
<testsuite hostname="DESKTOP-5U6BGGB" failures="0" tests="2" name="Practice.TestNG" time="0.040" errors="0" timestamp="2023-10-15T19:12:38 IST" skipped="1">
  <testcase classname="Practice.TestNG" name="modifyCustomer" time="0.040"/>
  <testcase classname="Practice.TestNG" name="deleteCustomer">
    <skipped/>
  </testcase> <!-- deleteCustomer -->
</testsuite> <!-- Practice.TestNG -->
