<?xml version="1.0" encoding="UTF-8"?>
<!-- Generated by org.testng.reporters.JUnitReportReporter -->
<testsuite hostname="DESKTOP-5U6BGGB" failures="0" tests="1" name="Practice.AssertionPractice" time="0.044" errors="0" timestamp="2023-10-16T08:32:16 IST" skipped="0">
  <testcase classname="Practice.AssertionPractice" name="assertion" time="0.044"/>
</testsuite> <!-- Practice.AssertionPractice -->
